c:\users\jayde\onedrive\documents\code\robot_development\robotdev\main\main_code\debug\vc142.pdb
c:\users\jayde\onedrive\documents\code\robot_development\robotdev\main\main_code\debug\simulation_interface.obj
c:\users\jayde\onedrive\documents\code\robot_development\robotdev\main\main_code\debug\main.obj
c:\users\jayde\onedrive\documents\code\robot_development\robotdev\simulation\builds\current\current.exe
c:\users\jayde\onedrive\documents\code\robot_development\robotdev\simulation\builds\current\current.ilk
c:\users\jayde\onedrive\documents\code\robot_development\robotdev\simulation\builds\current\current.pdb
c:\users\jayde\onedrive\documents\code\robot_development\robotdev\main\main_code\debug\vcpkg.applocal.log
c:\users\jayde\onedrive\documents\code\robot_development\robotdev\simulation\builds\current\jsoncpp.dll
c:\users\jayde\onedrive\documents\code\robot_development\robotdev\simulation\builds\current\opencv_cored.dll
c:\users\jayde\onedrive\documents\code\robot_development\robotdev\simulation\builds\current\zlibd1.dll
c:\users\jayde\onedrive\documents\code\robot_development\robotdev\simulation\builds\current\opencv_highguid.dll
c:\users\jayde\onedrive\documents\code\robot_development\robotdev\simulation\builds\current\opencv_videoiod.dll
c:\users\jayde\onedrive\documents\code\robot_development\robotdev\simulation\builds\current\opencv_imgcodecsd.dll
c:\users\jayde\onedrive\documents\code\robot_development\robotdev\simulation\builds\current\opencv_imgprocd.dll
c:\users\jayde\onedrive\documents\code\robot_development\robotdev\simulation\builds\current\jpeg62.dll
c:\users\jayde\onedrive\documents\code\robot_development\robotdev\simulation\builds\current\webpd.dll
c:\users\jayde\onedrive\documents\code\robot_development\robotdev\simulation\builds\current\libpng16d.dll
c:\users\jayde\onedrive\documents\code\robot_development\robotdev\simulation\builds\current\tiffd.dll
c:\users\jayde\onedrive\documents\code\robot_development\robotdev\simulation\builds\current\lzmad.dll
c:\users\jayde\onedrive\documents\code\robot_development\robotdev\main\main_code\debug\vsrobotdev.ilk
c:\users\jayde\onedrive\documents\code\robot_development\robotdev\main\main_code\..\..\simulation\builds\current\current.exe
c:\users\jayde\onedrive\documents\code\robot_development\robotdev\main\main_code\debug\vsrobotdev.tlog\cl.command.1.tlog
c:\users\jayde\onedrive\documents\code\robot_development\robotdev\main\main_code\debug\vsrobotdev.tlog\cl.read.1.tlog
c:\users\jayde\onedrive\documents\code\robot_development\robotdev\main\main_code\debug\vsrobotdev.tlog\cl.write.1.tlog
c:\users\jayde\onedrive\documents\code\robot_development\robotdev\main\main_code\debug\vsrobotdev.tlog\link.command.1.tlog
c:\users\jayde\onedrive\documents\code\robot_development\robotdev\main\main_code\debug\vsrobotdev.tlog\link.read.1.tlog
c:\users\jayde\onedrive\documents\code\robot_development\robotdev\main\main_code\debug\vsrobotdev.tlog\link.write.1.tlog
c:\users\jayde\onedrive\documents\code\robot_development\robotdev\main\main_code\debug\vsrobotdev.tlog\vsrobotdev.write.1u.tlog
